<?xml version="1.0" encoding="UTF-8"?>
<!-- Generated by org.testng.reporters.JUnitXMLReporter -->
<testsuite hostname="Tatianas-MacBook-Air.local" ignored="0" name="Command line test" tests="7" failures="0" timestamp="27 Jul 2017 15:38:58 GMT" time="45.283" errors="0">
  <testcase name="@BeforeMethod multipleBrowsers_SetUp" time="0.0" classname="com.amazon.TestingFiles.TestNG_ToysAndGames">
    <failure type="org.testng.TestNGException" message="
Parameter &amp;apos;browser&amp;apos; is required by BeforeMethod on method multipleBrowsers_SetUp but has not been marked @Optional or defined
">
      <![CDATA[org.testng.TestNGException: 
Parameter 'browser' is required by BeforeMethod on method multipleBrowsers_SetUp but has not been marked @Optional or defined

... Removed 34 stack frames]]>
    </failure>
  </testcase> <!-- @BeforeMethod multipleBrowsers_SetUp -->
  <testcase name="@AfterClass afterClass" time="0.0" classname="com.amazon.TestingFiles.TestNG_ToysAndGames">
    <skipped/>
  </testcase> <!-- @AfterClass afterClass -->
  <testcase name="AudiA6" time="0.001" classname="com.amazon.TestingFiles.TestNG_Grouping"/>
  <testcase name="BMW3Series" time="0.0" classname="com.amazon.TestingFiles.TestNG_Grouping"/>
  <testcase name="BMWX3" time="0.001" classname="com.amazon.TestingFiles.TestNG_Grouping"/>
  <testcase name="HondaAccord" time="0.001" classname="com.amazon.TestingFiles.TestNG_Grouping"/>
  <testcase name="LoopThroughAllElementsTopPage" time="0.0" classname="com.amazon.TestingFiles.TestNG_ToysAndGames">
    <skipped/>
  </testcase> <!-- LoopThroughAllElementsTopPage -->
  <testcase name="loginTestCase" time="8.212" classname="com.amazon.TestingFiles.TestNGLogin_Chrome"/>
  <testcase name="loginTestCase" time="6.403" classname="com.amazon.TestingFiles.TestNGLogin_Firefox"/>
</testsuite> <!-- Command line test -->
